d:\repos\aisd_proj3\aisd_proj3\x64\debug\vc143.pdb
d:\repos\aisd_proj3\aisd_proj3\x64\debug\vc143.idb
d:\repos\aisd_proj3\aisd_proj3\x64\debug\source.obj
d:\repos\aisd_proj3\aisd_proj3\x64\debug\graphlist.obj
d:\repos\aisd_proj3\aisd_proj3\x64\debug\graphmatrix.obj
d:\repos\aisd_proj3\aisd_proj3\x64\debug\graphlist.obj.enc
d:\repos\aisd_proj3\aisd_proj3\x64\debug\graphmatrix.obj.enc
d:\repos\aisd_proj3\aisd_proj3\x64\debug\source.obj.enc
d:\repos\aisd_proj3\x64\debug\aisd_proj3.pdb
d:\repos\aisd_proj3\aisd_proj3\x64\debug\aisd_proj3.tlog\cl.command.1.tlog
d:\repos\aisd_proj3\aisd_proj3\x64\debug\aisd_proj3.tlog\cl.items.tlog
d:\repos\aisd_proj3\aisd_proj3\x64\debug\aisd_proj3.tlog\cl.read.1.tlog
d:\repos\aisd_proj3\aisd_proj3\x64\debug\aisd_proj3.tlog\cl.write.1.tlog
d:\repos\aisd_proj3\aisd_proj3\x64\debug\aisd_proj3.tlog\link.50764-cvtres.read.1.tlog
d:\repos\aisd_proj3\aisd_proj3\x64\debug\aisd_proj3.tlog\link.50764-cvtres.write.1.tlog
d:\repos\aisd_proj3\aisd_proj3\x64\debug\aisd_proj3.tlog\link.50764-rc.read.1.tlog
d:\repos\aisd_proj3\aisd_proj3\x64\debug\aisd_proj3.tlog\link.50764-rc.write.1.tlog
d:\repos\aisd_proj3\aisd_proj3\x64\debug\aisd_proj3.tlog\link.50764.read.1.tlog
d:\repos\aisd_proj3\aisd_proj3\x64\debug\aisd_proj3.tlog\link.50764.read.2.tlog
d:\repos\aisd_proj3\aisd_proj3\x64\debug\aisd_proj3.tlog\link.50764.read.3.tlog
d:\repos\aisd_proj3\aisd_proj3\x64\debug\aisd_proj3.tlog\link.50764.read.4.tlog
d:\repos\aisd_proj3\aisd_proj3\x64\debug\aisd_proj3.tlog\link.50764.write.1.tlog
d:\repos\aisd_proj3\aisd_proj3\x64\debug\aisd_proj3.tlog\link.command.1.tlog
d:\repos\aisd_proj3\aisd_proj3\x64\debug\aisd_proj3.tlog\link.read.1.tlog
d:\repos\aisd_proj3\aisd_proj3\x64\debug\aisd_proj3.tlog\link.write.1.tlog
